This file contains any messages produced by compilers while
running configure, to aid debugging if configure makes a mistake.

It was created by LibHTP configure 0.5.35, which was
generated by GNU Autoconf 2.69.  Invocation command line was

  $ ./configure --disable-option-checking --prefix=/usr/local --with-libhs-includes=/usr/local/include/hs/ --with-libhs-libraries=/usr/local/lib64/ --enable-dpdk --cache-file=/dev/null --srcdir=.

## --------- ##
## Platform. ##
## --------- ##

hostname = phytium
uname -m = aarch64
uname -r = 4.19.105-phytium-centos-ft2000plus
uname -s = Linux
uname -v = #2 SMP Fri Jul 10 16:30:33 CST 2020

/usr/bin/uname -p = aarch64
/bin/uname -X     = unknown

/bin/arch              = aarch64
/usr/bin/arch -k       = unknown
/usr/convex/getsysinfo = unknown
/usr/bin/hostinfo      = unknown
/bin/machine           = unknown
/usr/bin/oslevel       = unknown
/bin/universe          = unknown

PATH: /usr/local/sbin
PATH: /usr/local/bin
PATH: /usr/sbin
PATH: /usr/bin
PATH: /root/bin


## ----------- ##
## Core tests. ##
## ----------- ##

configure:2401: checking for a BSD-compatible install
configure:2469: result: /usr/bin/install -c
configure:2480: checking whether build environment is sane
configure:2535: result: yes
configure:2686: checking for a thread-safe mkdir -p
configure:2725: result: /usr/bin/mkdir -p
configure:2732: checking for gawk
configure:2748: found /usr/bin/gawk
configure:2759: result: gawk
configure:2770: checking whether make sets $(MAKE)
configure:2792: result: yes
configure:2821: checking whether make supports nested variables
configure:2838: result: yes
configure:3056: checking for gcc
configure:3072: found /usr/bin/gcc
configure:3083: result: gcc
configure:3312: checking for C compiler version
configure:3321: gcc --version >&5
gcc (GCC) 8.3.0
Copyright (C) 2018 Free Software Foundation, Inc.
This is free software; see the source for copying conditions.  There is NO
warranty; not even for MERCHANTABILITY or FITNESS FOR A PARTICULAR PURPOSE.

configure:3332: $? = 0
configure:3321: gcc -v >&5
Using built-in specs.
COLLECT_GCC=gcc
COLLECT_LTO_WRAPPER=/usr/libexec/gcc/aarch64-redhat-linux/8/lto-wrapper
Target: aarch64-redhat-linux
Configured with: ../configure --enable-bootstrap --enable-languages=c,c++,fortran,lto --prefix=/usr --mandir=/usr/share/man --infodir=/usr/share/info --with-bugurl=http://bugzilla.redhat.com/bugzilla --enable-shared --enable-threads=posix --enable-checking=release --enable-multilib --with-system-zlib --enable-__cxa_atexit --disable-libunwind-exceptions --enable-gnu-unique-object --enable-linker-build-id --with-gcc-major-version-only --with-linker-hash-style=gnu --enable-plugin --enable-initfini-array --with-isl --disable-libmpx --enable-gnu-indirect-function --build=aarch64-redhat-linux
Thread model: posix
gcc version 8.3.0 (GCC) 
configure:3332: $? = 0
configure:3321: gcc -V >&5
gcc: error: unrecognized command line option '-V'
gcc: fatal error: no input files
compilation terminated.
configure:3332: $? = 1
configure:3321: gcc -qversion >&5
gcc: error: unrecognized command line option '-qversion'; did you mean '--version'?
gcc: fatal error: no input files
compilation terminated.
configure:3332: $? = 1
configure:3352: checking whether the C compiler works
configure:3374: gcc  -O2  -O2  conftest.c  >&5
configure:3378: $? = 0
configure:3426: result: yes
configure:3429: checking for C compiler default output file name
configure:3431: result: a.out
configure:3437: checking for suffix of executables
configure:3444: gcc -o conftest  -O2  -O2  conftest.c  >&5
configure:3448: $? = 0
configure:3470: result: 
configure:3492: checking whether we are cross compiling
configure:3500: gcc -o conftest  -O2  -O2  conftest.c  >&5
configure:3504: $? = 0
configure:3511: ./conftest
configure:3515: $? = 0
configure:3530: result: no
configure:3535: checking for suffix of object files
configure:3557: gcc -c  -O2  -O2 conftest.c >&5
configure:3561: $? = 0
configure:3582: result: o
configure:3586: checking whether we are using the GNU C compiler
configure:3605: gcc -c  -O2  -O2 conftest.c >&5
configure:3605: $? = 0
configure:3614: result: yes
configure:3623: checking whether gcc accepts -g
configure:3643: gcc -c -g  -O2 conftest.c >&5
configure:3643: $? = 0
configure:3684: result: yes
configure:3701: checking for gcc option to accept ISO C89
configure:3764: gcc  -c  -O2  -O2 conftest.c >&5
configure:3764: $? = 0
configure:3777: result: none needed
configure:3808: checking for style of include used by make
configure:3836: result: GNU
configure:3862: checking dependency style of gcc
configure:3973: result: gcc3
configure:3989: checking whether gcc and cc understand -c and -o together
configure:4020: gcc -c conftest.c -o conftest2.o >&5
configure:4024: $? = 0
configure:4030: gcc -c conftest.c -o conftest2.o >&5
configure:4034: $? = 0
configure:4045: cc -c conftest.c >&5
configure:4049: $? = 0
configure:4057: cc -c conftest.c -o conftest2.o >&5
configure:4061: $? = 0
configure:4067: cc -c conftest.c -o conftest2.o >&5
configure:4071: $? = 0
configure:4089: result: yes
configure:4172: checking for g++
configure:4188: found /usr/bin/g++
configure:4199: result: g++
configure:4226: checking for C++ compiler version
configure:4235: g++ --version >&5
g++ (GCC) 8.3.0
Copyright (C) 2018 Free Software Foundation, Inc.
This is free software; see the source for copying conditions.  There is NO
warranty; not even for MERCHANTABILITY or FITNESS FOR A PARTICULAR PURPOSE.

configure:4246: $? = 0
configure:4235: g++ -v >&5
Using built-in specs.
COLLECT_GCC=g++
COLLECT_LTO_WRAPPER=/usr/libexec/gcc/aarch64-redhat-linux/8/lto-wrapper
Target: aarch64-redhat-linux
Configured with: ../configure --enable-bootstrap --enable-languages=c,c++,fortran,lto --prefix=/usr --mandir=/usr/share/man --infodir=/usr/share/info --with-bugurl=http://bugzilla.redhat.com/bugzilla --enable-shared --enable-threads=posix --enable-checking=release --enable-multilib --with-system-zlib --enable-__cxa_atexit --disable-libunwind-exceptions --enable-gnu-unique-object --enable-linker-build-id --with-gcc-major-version-only --with-linker-hash-style=gnu --enable-plugin --enable-initfini-array --with-isl --disable-libmpx --enable-gnu-indirect-function --build=aarch64-redhat-linux
Thread model: posix
gcc version 8.3.0 (GCC) 
configure:4246: $? = 0
configure:4235: g++ -V >&5
g++: error: unrecognized command line option '-V'
g++: fatal error: no input files
compilation terminated.
configure:4246: $? = 1
configure:4235: g++ -qversion >&5
g++: error: unrecognized command line option '-qversion'; did you mean '--version'?
g++: fatal error: no input files
compilation terminated.
configure:4246: $? = 1
configure:4250: checking whether we are using the GNU C++ compiler
configure:4269: g++ -c   -O2 conftest.cpp >&5
configure:4269: $? = 0
configure:4278: result: yes
configure:4287: checking whether g++ accepts -g
configure:4307: g++ -c -g  -O2 conftest.cpp >&5
configure:4307: $? = 0
configure:4348: result: yes
configure:4373: checking dependency style of g++
configure:4484: result: gcc3
configure:4528: checking build system type
configure:4542: result: aarch64-unknown-linux-gnu
configure:4562: checking host system type
configure:4575: result: aarch64-unknown-linux-gnu
configure:4616: checking how to print strings
configure:4643: result: printf
configure:4664: checking for a sed that does not truncate output
configure:4728: result: /usr/bin/sed
configure:4746: checking for grep that handles long lines and -e
configure:4804: result: /usr/bin/grep
configure:4809: checking for egrep
configure:4871: result: /usr/bin/grep -E
configure:4876: checking for fgrep
configure:4938: result: /usr/bin/grep -F
configure:4973: checking for ld used by gcc
configure:5040: result: /usr/bin/ld
configure:5047: checking if the linker (/usr/bin/ld) is GNU ld
configure:5062: result: yes
configure:5074: checking for BSD- or MS-compatible name lister (nm)
configure:5123: result: /usr/bin/nm -B
configure:5253: checking the name lister (/usr/bin/nm -B) interface
configure:5260: gcc -c  -O2  -O2 conftest.c >&5
configure:5263: /usr/bin/nm -B "conftest.o"
configure:5266: output
0000000000000000 B some_variable
configure:5273: result: BSD nm
configure:5276: checking whether ln -s works
configure:5280: result: yes
configure:5288: checking the maximum length of command line arguments
configure:5418: result: 1572864
configure:5435: checking whether the shell understands some XSI constructs
configure:5445: result: yes
configure:5449: checking whether the shell understands "+="
configure:5455: result: yes
configure:5490: checking how to convert aarch64-unknown-linux-gnu file names to aarch64-unknown-linux-gnu format
configure:5530: result: func_convert_file_noop
configure:5537: checking how to convert aarch64-unknown-linux-gnu file names to toolchain format
configure:5557: result: func_convert_file_noop
configure:5564: checking for /usr/bin/ld option to reload object files
configure:5571: result: -r
configure:5645: checking for objdump
configure:5661: found /usr/bin/objdump
configure:5672: result: objdump
configure:5704: checking how to recognize dependent libraries
configure:5906: result: pass_all
configure:5991: checking for dlltool
configure:6021: result: no
configure:6051: checking how to associate runtime and link libraries
configure:6078: result: printf %s\n
configure:6139: checking for ar
configure:6155: found /usr/bin/ar
configure:6166: result: ar
configure:6203: checking for archiver @FILE support
configure:6220: gcc -c  -O2  -O2 conftest.c >&5
configure:6220: $? = 0
configure:6223: ar cru libconftest.a @conftest.lst >&5
configure:6226: $? = 0
configure:6231: ar cru libconftest.a @conftest.lst >&5
ar: conftest.o: No such file or directory
configure:6234: $? = 1
configure:6246: result: @
configure:6304: checking for strip
configure:6320: found /usr/bin/strip
configure:6331: result: strip
configure:6403: checking for ranlib
configure:6419: found /usr/bin/ranlib
configure:6430: result: ranlib
configure:6532: checking command to parse /usr/bin/nm -B output from gcc object
configure:6652: gcc -c  -O2  -O2 conftest.c >&5
configure:6655: $? = 0
configure:6659: /usr/bin/nm -B conftest.o \| sed -n -e 's/^.*[ ]\([ABCDGIRSTW][ABCDGIRSTW]*\)[ ][ ]*\([_A-Za-z][_A-Za-z0-9]*\)$/\1 \2 \2/p' | sed '/ __gnu_lto/d' \> conftest.nm
configure:6662: $? = 0
configure:6728: gcc -o conftest  -O2  -O2  conftest.c conftstm.o >&5
configure:6731: $? = 0
configure:6769: result: ok
configure:6806: checking for sysroot
configure:6836: result: no
configure:7092: checking for mt
configure:7108: found /usr/bin/mt
configure:7119: result: mt
configure:7142: checking if mt is a manifest tool
configure:7148: mt '-?'
usage: mt [-v] [--version] [-h] [ -f device ] command [ count ]
configure:7156: result: no
configure:7798: checking how to run the C preprocessor
configure:7829: gcc -E  -O2 conftest.c
configure:7829: $? = 0
configure:7843: gcc -E  -O2 conftest.c
conftest.c:11:10: fatal error: ac_nonexistent.h: No such file or directory
 #include <ac_nonexistent.h>
          ^~~~~~~~~~~~~~~~~~
compilation terminated.
configure:7843: $? = 1
configure: failed program was:
| /* confdefs.h */
| #define PACKAGE_NAME "LibHTP"
| #define PACKAGE_TARNAME "libhtp"
| #define PACKAGE_VERSION "0.5.35"
| #define PACKAGE_STRING "LibHTP 0.5.35"
| #define PACKAGE_BUGREPORT ""
| #define PACKAGE_URL ""
| #define PACKAGE "libhtp"
| #define VERSION "0.5.35"
| /* end confdefs.h.  */
| #include <ac_nonexistent.h>
configure:7868: result: gcc -E
configure:7888: gcc -E  -O2 conftest.c
configure:7888: $? = 0
configure:7902: gcc -E  -O2 conftest.c
conftest.c:11:10: fatal error: ac_nonexistent.h: No such file or directory
 #include <ac_nonexistent.h>
          ^~~~~~~~~~~~~~~~~~
compilation terminated.
configure:7902: $? = 1
configure: failed program was:
| /* confdefs.h */
| #define PACKAGE_NAME "LibHTP"
| #define PACKAGE_TARNAME "libhtp"
| #define PACKAGE_VERSION "0.5.35"
| #define PACKAGE_STRING "LibHTP 0.5.35"
| #define PACKAGE_BUGREPORT ""
| #define PACKAGE_URL ""
| #define PACKAGE "libhtp"
| #define VERSION "0.5.35"
| /* end confdefs.h.  */
| #include <ac_nonexistent.h>
configure:7931: checking for ANSI C header files
configure:7951: gcc -c  -O2  -O2 conftest.c >&5
configure:7951: $? = 0
configure:8024: gcc -o conftest  -O2  -O2  conftest.c  >&5
configure:8024: $? = 0
configure:8024: ./conftest
configure:8024: $? = 0
configure:8035: result: yes
configure:8048: checking for sys/types.h
configure:8048: gcc -c  -O2  -O2 conftest.c >&5
configure:8048: $? = 0
configure:8048: result: yes
configure:8048: checking for sys/stat.h
configure:8048: gcc -c  -O2  -O2 conftest.c >&5
configure:8048: $? = 0
configure:8048: result: yes
configure:8048: checking for stdlib.h
configure:8048: gcc -c  -O2  -O2 conftest.c >&5
configure:8048: $? = 0
configure:8048: result: yes
configure:8048: checking for string.h
configure:8048: gcc -c  -O2  -O2 conftest.c >&5
configure:8048: $? = 0
configure:8048: result: yes
configure:8048: checking for memory.h
configure:8048: gcc -c  -O2  -O2 conftest.c >&5
configure:8048: $? = 0
configure:8048: result: yes
configure:8048: checking for strings.h
configure:8048: gcc -c  -O2  -O2 conftest.c >&5
configure:8048: $? = 0
configure:8048: result: yes
configure:8048: checking for inttypes.h
configure:8048: gcc -c  -O2  -O2 conftest.c >&5
configure:8048: $? = 0
configure:8048: result: yes
configure:8048: checking for stdint.h
configure:8048: gcc -c  -O2  -O2 conftest.c >&5
configure:8048: $? = 0
configure:8048: result: yes
configure:8048: checking for unistd.h
configure:8048: gcc -c  -O2  -O2 conftest.c >&5
configure:8048: $? = 0
configure:8048: result: yes
configure:8062: checking for dlfcn.h
configure:8062: gcc -c  -O2  -O2 conftest.c >&5
configure:8062: $? = 0
configure:8062: result: yes
configure:8279: checking for objdir
configure:8294: result: .libs
configure:8565: checking if gcc supports -fno-rtti -fno-exceptions
configure:8583: gcc -c  -O2  -O2 -fno-rtti -fno-exceptions conftest.c >&5
cc1: warning: command line option '-fno-rtti' is valid for C++/ObjC++ but not for C
configure:8587: $? = 0
configure:8600: result: no
configure:8927: checking for gcc option to produce PIC
configure:8934: result: -fPIC -DPIC
configure:8942: checking if gcc PIC flag -fPIC -DPIC works
configure:8960: gcc -c  -O2  -O2 -fPIC -DPIC -DPIC conftest.c >&5
configure:8964: $? = 0
configure:8977: result: yes
configure:9006: checking if gcc static flag -static works
configure:9034: result: yes
configure:9049: checking if gcc supports -c -o file.o
configure:9070: gcc -c  -O2  -O2 -o out/conftest2.o conftest.c >&5
configure:9074: $? = 0
configure:9096: result: yes
configure:9104: checking if gcc supports -c -o file.o
configure:9151: result: yes
configure:9184: checking whether the gcc linker (/usr/bin/ld) supports shared libraries
configure:10337: result: yes
configure:10374: checking whether -lc should be explicitly linked in
configure:10382: gcc -c  -O2  -O2 conftest.c >&5
configure:10385: $? = 0
configure:10400: gcc -shared  -fPIC -DPIC conftest.o  -v -Wl,-soname -Wl,conftest -o conftest 2\>\&1 \| /usr/bin/grep  -lc  \>/dev/null 2\>\&1
configure:10403: $? = 0
configure:10417: result: no
configure:10577: checking dynamic linker characteristics
configure:11088: gcc -o conftest  -O2  -O2  -Wl,-rpath -Wl,/foo conftest.c  >&5
configure:11088: $? = 0
configure:11314: result: GNU/Linux ld.so
configure:11421: checking how to hardcode library paths into programs
configure:11446: result: immediate
configure:11986: checking whether stripping libraries is possible
configure:11991: result: yes
configure:12026: checking if libtool supports shared libraries
configure:12028: result: yes
configure:12031: checking whether to build shared libraries
configure:12052: result: yes
configure:12055: checking whether to build static libraries
configure:12059: result: yes
configure:12082: checking how to run the C++ preprocessor
configure:12109: g++ -E  -O2 conftest.cpp
configure:12109: $? = 0
configure:12123: g++ -E  -O2 conftest.cpp
conftest.cpp:23:10: fatal error: ac_nonexistent.h: No such file or directory
 #include <ac_nonexistent.h>
          ^~~~~~~~~~~~~~~~~~
compilation terminated.
configure:12123: $? = 1
configure: failed program was:
| /* confdefs.h */
| #define PACKAGE_NAME "LibHTP"
| #define PACKAGE_TARNAME "libhtp"
| #define PACKAGE_VERSION "0.5.35"
| #define PACKAGE_STRING "LibHTP 0.5.35"
| #define PACKAGE_BUGREPORT ""
| #define PACKAGE_URL ""
| #define PACKAGE "libhtp"
| #define VERSION "0.5.35"
| #define STDC_HEADERS 1
| #define HAVE_SYS_TYPES_H 1
| #define HAVE_SYS_STAT_H 1
| #define HAVE_STDLIB_H 1
| #define HAVE_STRING_H 1
| #define HAVE_MEMORY_H 1
| #define HAVE_STRINGS_H 1
| #define HAVE_INTTYPES_H 1
| #define HAVE_STDINT_H 1
| #define HAVE_UNISTD_H 1
| #define HAVE_DLFCN_H 1
| #define LT_OBJDIR ".libs/"
| /* end confdefs.h.  */
| #include <ac_nonexistent.h>
configure:12148: result: g++ -E
configure:12168: g++ -E  -O2 conftest.cpp
configure:12168: $? = 0
configure:12182: g++ -E  -O2 conftest.cpp
conftest.cpp:23:10: fatal error: ac_nonexistent.h: No such file or directory
 #include <ac_nonexistent.h>
          ^~~~~~~~~~~~~~~~~~
compilation terminated.
configure:12182: $? = 1
configure: failed program was:
| /* confdefs.h */
| #define PACKAGE_NAME "LibHTP"
| #define PACKAGE_TARNAME "libhtp"
| #define PACKAGE_VERSION "0.5.35"
| #define PACKAGE_STRING "LibHTP 0.5.35"
| #define PACKAGE_BUGREPORT ""
| #define PACKAGE_URL ""
| #define PACKAGE "libhtp"
| #define VERSION "0.5.35"
| #define STDC_HEADERS 1
| #define HAVE_SYS_TYPES_H 1
| #define HAVE_SYS_STAT_H 1
| #define HAVE_STDLIB_H 1
| #define HAVE_STRING_H 1
| #define HAVE_MEMORY_H 1
| #define HAVE_STRINGS_H 1
| #define HAVE_INTTYPES_H 1
| #define HAVE_STDINT_H 1
| #define HAVE_UNISTD_H 1
| #define HAVE_DLFCN_H 1
| #define LT_OBJDIR ".libs/"
| /* end confdefs.h.  */
| #include <ac_nonexistent.h>
configure:12351: checking for ld used by g++
configure:12418: result: /usr/bin/ld
configure:12425: checking if the linker (/usr/bin/ld) is GNU ld
configure:12440: result: yes
configure:12495: checking whether the g++ linker (/usr/bin/ld) supports shared libraries
configure:13500: result: yes
configure:13536: g++ -c -g -O2  -O2 conftest.cpp >&5
configure:13539: $? = 0
configure:14059: checking for g++ option to produce PIC
configure:14066: result: -fPIC -DPIC
configure:14074: checking if g++ PIC flag -fPIC -DPIC works
configure:14092: g++ -c -g -O2  -O2 -fPIC -DPIC -DPIC conftest.cpp >&5
configure:14096: $? = 0
configure:14109: result: yes
configure:14132: checking if g++ static flag -static works
configure:14160: result: yes
configure:14172: checking if g++ supports -c -o file.o
configure:14193: g++ -c -g -O2  -O2 -o out/conftest2.o conftest.cpp >&5
configure:14197: $? = 0
configure:14219: result: yes
configure:14224: checking if g++ supports -c -o file.o
configure:14271: result: yes
configure:14301: checking whether the g++ linker (/usr/bin/ld) supports shared libraries
configure:14337: result: yes
configure:14478: checking dynamic linker characteristics
configure:15149: result: GNU/Linux ld.so
configure:15202: checking how to hardcode library paths into programs
configure:15227: result: immediate
configure:15288: checking whether build environment is sane
configure:15343: result: yes
configure:15363: checking for strlcpy
configure:15363: gcc -o conftest   -O2  conftest.c  >&5
/tmp/ccuVFAVj.o: In function `main':
conftest.c:(.text.startup+0x8): undefined reference to `strlcpy'
collect2: error: ld returned 1 exit status
configure:15363: $? = 1
configure: failed program was:
| /* confdefs.h */
| #define PACKAGE_NAME "LibHTP"
| #define PACKAGE_TARNAME "libhtp"
| #define PACKAGE_VERSION "0.5.35"
| #define PACKAGE_STRING "LibHTP 0.5.35"
| #define PACKAGE_BUGREPORT ""
| #define PACKAGE_URL ""
| #define PACKAGE "libhtp"
| #define VERSION "0.5.35"
| #define STDC_HEADERS 1
| #define HAVE_SYS_TYPES_H 1
| #define HAVE_SYS_STAT_H 1
| #define HAVE_STDLIB_H 1
| #define HAVE_STRING_H 1
| #define HAVE_MEMORY_H 1
| #define HAVE_STRINGS_H 1
| #define HAVE_INTTYPES_H 1
| #define HAVE_STDINT_H 1
| #define HAVE_UNISTD_H 1
| #define HAVE_DLFCN_H 1
| #define LT_OBJDIR ".libs/"
| /* end confdefs.h.  */
| /* Define strlcpy to an innocuous variant, in case <limits.h> declares strlcpy.
|    For example, HP-UX 11i <limits.h> declares gettimeofday.  */
| #define strlcpy innocuous_strlcpy
| 
| /* System header to define __stub macros and hopefully few prototypes,
|     which can conflict with char strlcpy (); below.
|     Prefer <limits.h> to <assert.h> if __STDC__ is defined, since
|     <limits.h> exists even on freestanding compilers.  */
| 
| #ifdef __STDC__
| # include <limits.h>
| #else
| # include <assert.h>
| #endif
| 
| #undef strlcpy
| 
| /* Override any GCC internal prototype to avoid an error.
|    Use char because int might match the return type of a GCC
|    builtin and then its argument prototype would still apply.  */
| #ifdef __cplusplus
| extern "C"
| #endif
| char strlcpy ();
| /* The GNU C library defines this for functions which it implements
|     to always fail with ENOSYS.  Some functions are actually named
|     something starting with __ and the normal name is an alias.  */
| #if defined __stub_strlcpy || defined __stub___strlcpy
| choke me
| #endif
| 
| int
| main ()
| {
| return strlcpy ();
|   ;
|   return 0;
| }
configure:15363: result: no
configure:15363: checking for strlcat
configure:15363: gcc -o conftest   -O2  conftest.c  >&5
/tmp/ccRZO86J.o: In function `main':
conftest.c:(.text.startup+0x8): undefined reference to `strlcat'
collect2: error: ld returned 1 exit status
configure:15363: $? = 1
configure: failed program was:
| /* confdefs.h */
| #define PACKAGE_NAME "LibHTP"
| #define PACKAGE_TARNAME "libhtp"
| #define PACKAGE_VERSION "0.5.35"
| #define PACKAGE_STRING "LibHTP 0.5.35"
| #define PACKAGE_BUGREPORT ""
| #define PACKAGE_URL ""
| #define PACKAGE "libhtp"
| #define VERSION "0.5.35"
| #define STDC_HEADERS 1
| #define HAVE_SYS_TYPES_H 1
| #define HAVE_SYS_STAT_H 1
| #define HAVE_STDLIB_H 1
| #define HAVE_STRING_H 1
| #define HAVE_MEMORY_H 1
| #define HAVE_STRINGS_H 1
| #define HAVE_INTTYPES_H 1
| #define HAVE_STDINT_H 1
| #define HAVE_UNISTD_H 1
| #define HAVE_DLFCN_H 1
| #define LT_OBJDIR ".libs/"
| /* end confdefs.h.  */
| /* Define strlcat to an innocuous variant, in case <limits.h> declares strlcat.
|    For example, HP-UX 11i <limits.h> declares gettimeofday.  */
| #define strlcat innocuous_strlcat
| 
| /* System header to define __stub macros and hopefully few prototypes,
|     which can conflict with char strlcat (); below.
|     Prefer <limits.h> to <assert.h> if __STDC__ is defined, since
|     <limits.h> exists even on freestanding compilers.  */
| 
| #ifdef __STDC__
| # include <limits.h>
| #else
| # include <assert.h>
| #endif
| 
| #undef strlcat
| 
| /* Override any GCC internal prototype to avoid an error.
|    Use char because int might match the return type of a GCC
|    builtin and then its argument prototype would still apply.  */
| #ifdef __cplusplus
| extern "C"
| #endif
| char strlcat ();
| /* The GNU C library defines this for functions which it implements
|     to always fail with ENOSYS.  Some functions are actually named
|     something starting with __ and the normal name is an alias.  */
| #if defined __stub_strlcat || defined __stub___strlcat
| choke me
| #endif
| 
| int
| main ()
| {
| return strlcat ();
|   ;
|   return 0;
| }
configure:15363: result: no
configure:15374: checking zlib.h usability
configure:15374: gcc -c  -O2  -O2 conftest.c >&5
configure:15374: $? = 0
configure:15374: result: yes
configure:15374: checking zlib.h presence
configure:15374: gcc -E  -O2 conftest.c
configure:15374: $? = 0
configure:15374: result: yes
configure:15374: checking for zlib.h
configure:15374: result: yes
configure:15383: checking for inflate in -lz
configure:15408: gcc -o conftest  -O2  -O2  conftest.c -lz   >&5
configure:15408: $? = 0
configure:15417: result: yes
configure:15438: checking OS
configure:15475: result: Linux
configure:15574: checking for ld used by GCC
configure:15638: result: /usr/bin/ld
configure:15645: checking if the linker (/usr/bin/ld) is GNU ld
configure:15658: result: yes
configure:15665: checking for shared library run path origin
configure:15678: result: done
configure:16256: checking for iconv
configure:16278: gcc -o conftest  -O2  -O2  conftest.c -lz  >&5
configure:16278: $? = 0
configure:16310: result: yes
configure:16313: checking for working iconv
configure:16408: gcc -o conftest  -O2  -O2  conftest.c -lz  >&5
configure:16408: $? = 0
configure:16408: ./conftest
configure:16408: $? = 0
configure:16420: result: yes
configure:16448: checking for iconv declaration
configure:16477: gcc -c  -O2  -O2 conftest.c >&5
configure:16477: $? = 0
configure:16488: result:
         extern size_t iconv (iconv_t cd, char * *inbuf, size_t *inbytesleft, char * *outbuf, size_t *outbytesleft);
configure:16500: checking for iconvctl
configure:16520: gcc -o conftest  -O2  -O2  conftest.c -lz   >&5
conftest.c: In function 'main':
conftest.c:33:14: warning: implicit declaration of function 'iconvctl'; did you mean 'iconv'? [-Wimplicit-function-declaration]
              iconvctl(cd, ICONV_SET_DISCARD_ILSEQ, &iconv_param);
              ^~~~~~~~
              iconv
conftest.c:33:27: error: 'ICONV_SET_DISCARD_ILSEQ' undeclared (first use in this function)
              iconvctl(cd, ICONV_SET_DISCARD_ILSEQ, &iconv_param);
                           ^~~~~~~~~~~~~~~~~~~~~~~
conftest.c:33:27: note: each undeclared identifier is reported only once for each function it appears in
configure:16520: $? = 1
configure: failed program was:
| /* confdefs.h */
| #define PACKAGE_NAME "LibHTP"
| #define PACKAGE_TARNAME "libhtp"
| #define PACKAGE_VERSION "0.5.35"
| #define PACKAGE_STRING "LibHTP 0.5.35"
| #define PACKAGE_BUGREPORT ""
| #define PACKAGE_URL ""
| #define PACKAGE "libhtp"
| #define VERSION "0.5.35"
| #define STDC_HEADERS 1
| #define HAVE_SYS_TYPES_H 1
| #define HAVE_SYS_STAT_H 1
| #define HAVE_STDLIB_H 1
| #define HAVE_STRING_H 1
| #define HAVE_MEMORY_H 1
| #define HAVE_STRINGS_H 1
| #define HAVE_INTTYPES_H 1
| #define HAVE_STDINT_H 1
| #define HAVE_UNISTD_H 1
| #define HAVE_DLFCN_H 1
| #define LT_OBJDIR ".libs/"
| #define HAVE_LIBZ 1
| #define HAVE_ICONV 1
| #define ICONV_CONST 
| /* end confdefs.h.  */
| #include <stdlib.h>
|              #include <iconv.h>
| int
| main ()
| {
| int iconv_param = 0;
|              iconv_t cd = iconv_open("","");
|              iconvctl(cd, ICONV_SET_DISCARD_ILSEQ, &iconv_param);
|              iconv_close(cd);
|   ;
|   return 0;
| }
configure:16525: result: 
configure:16535: checking for gcc support of -Wstrict-overflow=1
configure:16550: gcc -c  -O2 -Wstrict-overflow=1  -O2 conftest.c >&5
configure:16550: $? = 0
configure:16556: result: yes
configure:16563: checking for gcc support of stack smashing protection
configure:16578: gcc -c  -O2 -Wstrict-overflow=1 -fstack-protector  -O2 conftest.c >&5
configure:16578: $? = 0
configure:16584: result: yes
configure:16591: checking for gcc support of FORTIFY_SOURCE
configure:16606: gcc -c  -O2 -Wstrict-overflow=1 -fstack-protector -D_FORTIFY_SOURCE=2  -O2 conftest.c >&5
configure:16606: $? = 0
configure:16612: result: yes
configure:16618: checking for gcc support of -Wformat -Wformat-security
configure:16633: gcc -c  -O2 -Wstrict-overflow=1 -fstack-protector -D_FORTIFY_SOURCE=2 -Wformat -Wformat-security  -O2 conftest.c >&5
configure:16633: $? = 0
configure:16639: result: yes
configure:16645: checking for gcc support of -fPIC
configure:16660: gcc -c  -O2 -Wstrict-overflow=1 -fstack-protector -D_FORTIFY_SOURCE=2 -Wformat -Wformat-security -fPIC  -O2 conftest.c >&5
configure:16660: $? = 0
configure:16666: result: yes
configure:16689: checking for doxygen
configure:16707: found /usr/bin/doxygen
configure:16719: result: /usr/bin/doxygen
configure:16737: checking for lcov
configure:16768: result: no
configure:16892: checking that generated files are newer than configure
configure:16898: result: done
configure:16920: checking that generated files are newer than configure
configure:16926: result: done
configure:16933: creating ./config.status

## ---------------------- ##
## Running config.status. ##
## ---------------------- ##

This file was extended by LibHTP config.status 0.5.35, which was
generated by GNU Autoconf 2.69.  Invocation command line was

  CONFIG_FILES    = 
  CONFIG_HEADERS  = 
  CONFIG_LINKS    = 
  CONFIG_COMMANDS = 
  $ ./config.status 

on phytium

config.status:1161: creating htp/htp_version.h
config.status:1161: creating Makefile
config.status:1161: creating htp.pc
config.status:1161: creating htp/Makefile
config.status:1161: creating htp/lzma/Makefile
config.status:1161: creating test/Makefile
config.status:1161: creating docs/Makefile
config.status:1161: creating htp_config_auto_gen.h
config.status:1342: htp_config_auto_gen.h is unchanged
config.status:1390: executing depfiles commands
config.status:1390: executing libtool commands

## ---------------- ##
## Cache variables. ##
## ---------------- ##

ac_cv_build=aarch64-unknown-linux-gnu
ac_cv_c_compiler_gnu=yes
ac_cv_cxx_compiler_gnu=yes
ac_cv_env_CCC_set=
ac_cv_env_CCC_value=
ac_cv_env_CC_set=
ac_cv_env_CC_value=
ac_cv_env_CFLAGS_set=
ac_cv_env_CFLAGS_value=
ac_cv_env_CPPFLAGS_set=
ac_cv_env_CPPFLAGS_value=
ac_cv_env_CPP_set=
ac_cv_env_CPP_value=
ac_cv_env_CXXCPP_set=
ac_cv_env_CXXCPP_value=
ac_cv_env_CXXFLAGS_set=
ac_cv_env_CXXFLAGS_value=
ac_cv_env_CXX_set=
ac_cv_env_CXX_value=
ac_cv_env_LDFLAGS_set=
ac_cv_env_LDFLAGS_value=
ac_cv_env_LIBS_set=
ac_cv_env_LIBS_value=
ac_cv_env_build_alias_set=
ac_cv_env_build_alias_value=
ac_cv_env_host_alias_set=
ac_cv_env_host_alias_value=
ac_cv_env_target_alias_set=
ac_cv_env_target_alias_value=
ac_cv_func_strlcat=no
ac_cv_func_strlcpy=no
ac_cv_header_dlfcn_h=yes
ac_cv_header_inttypes_h=yes
ac_cv_header_memory_h=yes
ac_cv_header_stdc=yes
ac_cv_header_stdint_h=yes
ac_cv_header_stdlib_h=yes
ac_cv_header_string_h=yes
ac_cv_header_strings_h=yes
ac_cv_header_sys_stat_h=yes
ac_cv_header_sys_types_h=yes
ac_cv_header_unistd_h=yes
ac_cv_header_zlib_h=yes
ac_cv_host=aarch64-unknown-linux-gnu
ac_cv_lib_z_inflate=yes
ac_cv_objext=o
ac_cv_path_EGREP='/usr/bin/grep -E'
ac_cv_path_FGREP='/usr/bin/grep -F'
ac_cv_path_GREP=/usr/bin/grep
ac_cv_path_LCOV=no
ac_cv_path_SED=/usr/bin/sed
ac_cv_path_doxygen=/usr/bin/doxygen
ac_cv_path_install='/usr/bin/install -c'
ac_cv_path_mkdir=/usr/bin/mkdir
ac_cv_prog_AWK=gawk
ac_cv_prog_CPP='gcc -E'
ac_cv_prog_CXXCPP='g++ -E'
ac_cv_prog_ac_ct_AR=ar
ac_cv_prog_ac_ct_CC=gcc
ac_cv_prog_ac_ct_CXX=g++
ac_cv_prog_ac_ct_MANIFEST_TOOL=mt
ac_cv_prog_ac_ct_OBJDUMP=objdump
ac_cv_prog_ac_ct_RANLIB=ranlib
ac_cv_prog_ac_ct_STRIP=strip
ac_cv_prog_cc_c89=
ac_cv_prog_cc_g=yes
ac_cv_prog_cc_gcc_c_o=yes
ac_cv_prog_cxx_g=yes
ac_cv_prog_make_make_set=yes
acl_cv_path_LD=/usr/bin/ld
acl_cv_prog_gnu_ld=yes
acl_cv_rpath=done
am_cv_CC_dependencies_compiler_type=gcc3
am_cv_CXX_dependencies_compiler_type=gcc3
am_cv_func_iconv=yes
am_cv_func_iconv_works=yes
am_cv_lib_iconv=no
am_cv_make_support_nested_variables=yes
am_cv_proto_iconv='extern size_t iconv (iconv_t cd, char * *inbuf, size_t *inbytesleft, char * *outbuf, size_t *outbytesleft);'
am_cv_proto_iconv_arg1=
lt_cv_ar_at_file=@
lt_cv_archive_cmds_need_lc=no
lt_cv_deplibs_check_method=pass_all
lt_cv_file_magic_cmd='$MAGIC_CMD'
lt_cv_file_magic_test_file=
lt_cv_ld_reload_flag=-r
lt_cv_nm_interface='BSD nm'
lt_cv_objdir=.libs
lt_cv_path_LD=/usr/bin/ld
lt_cv_path_LDCXX=/usr/bin/ld
lt_cv_path_NM='/usr/bin/nm -B'
lt_cv_path_mainfest_tool=no
lt_cv_prog_compiler_c_o=yes
lt_cv_prog_compiler_c_o_CXX=yes
lt_cv_prog_compiler_pic='-fPIC -DPIC'
lt_cv_prog_compiler_pic_CXX='-fPIC -DPIC'
lt_cv_prog_compiler_pic_works=yes
lt_cv_prog_compiler_pic_works_CXX=yes
lt_cv_prog_compiler_rtti_exceptions=no
lt_cv_prog_compiler_static_works=yes
lt_cv_prog_compiler_static_works_CXX=yes
lt_cv_prog_gnu_ld=yes
lt_cv_prog_gnu_ldcxx=yes
lt_cv_sharedlib_from_linklib_cmd='printf %s\n'
lt_cv_shlibpath_overrides_runpath=no
lt_cv_sys_global_symbol_pipe='sed -n -e '\''s/^.*[	 ]\([ABCDGIRSTW][ABCDGIRSTW]*\)[	 ][	 ]*\([_A-Za-z][_A-Za-z0-9]*\)$/\1 \2 \2/p'\'' | sed '\''/ __gnu_lto/d'\'''
lt_cv_sys_global_symbol_to_c_name_address='sed -n -e '\''s/^: \([^ ]*\)[ ]*$/  {\"\1\", (void *) 0},/p'\'' -e '\''s/^[ABCDGIRSTW]* \([^ ]*\) \([^ ]*\)$/  {"\2", (void *) \&\2},/p'\'''
lt_cv_sys_global_symbol_to_c_name_address_lib_prefix='sed -n -e '\''s/^: \([^ ]*\)[ ]*$/  {\"\1\", (void *) 0},/p'\'' -e '\''s/^[ABCDGIRSTW]* \([^ ]*\) \(lib[^ ]*\)$/  {"\2", (void *) \&\2},/p'\'' -e '\''s/^[ABCDGIRSTW]* \([^ ]*\) \([^ ]*\)$/  {"lib\2", (void *) \&\2},/p'\'''
lt_cv_sys_global_symbol_to_cdecl='sed -n -e '\''s/^T .* \(.*\)$/extern int \1();/p'\'' -e '\''s/^[ABCDGIRSTW]* .* \(.*\)$/extern char \1;/p'\'''
lt_cv_sys_max_cmd_len=1572864
lt_cv_to_host_file_cmd=func_convert_file_noop
lt_cv_to_tool_file_cmd=func_convert_file_noop

## ----------------- ##
## Output variables. ##
## ----------------- ##

ACLOCAL='${SHELL} /home/kxh/suricata-6.0.0/libhtp/missing aclocal-1.13'
AMDEPBACKSLASH='\'
AMDEP_FALSE='#'
AMDEP_TRUE=''
AMTAR='$${TAR-tar}'
AM_BACKSLASH='\'
AM_DEFAULT_V='$(AM_DEFAULT_VERBOSITY)'
AM_DEFAULT_VERBOSITY='1'
AM_V='$(V)'
AR='ar'
AUTOCONF='${SHELL} /home/kxh/suricata-6.0.0/libhtp/missing autoconf'
AUTOHEADER='${SHELL} /home/kxh/suricata-6.0.0/libhtp/missing autoheader'
AUTOMAKE='${SHELL} /home/kxh/suricata-6.0.0/libhtp/missing automake-1.13'
AWK='gawk'
CC='gcc'
CCDEPMODE='depmode=gcc3'
CFLAGS=' -O2 -Wstrict-overflow=1 -fstack-protector -D_FORTIFY_SOURCE=2 -Wformat -Wformat-security -fPIC'
CPP='gcc -E'
CPPFLAGS=' -O2'
CXX='g++'
CXXCPP='g++ -E'
CXXDEPMODE='depmode=gcc3'
CXXFLAGS='-g -O2'
CYGPATH_W='echo'
DEFS='-DHAVE_CONFIG_H'
DEPDIR='.deps'
DLLTOOL='false'
DOXYGEN='/usr/bin/doxygen'
DSYMUTIL=''
DUMPBIN=''
ECHO_C=''
ECHO_N='-n'
ECHO_T=''
EGREP='/usr/bin/grep -E'
EXEEXT=''
FGREP='/usr/bin/grep -F'
GENERIC_LIBRARY_NAME='htp'
GENERIC_LIBRARY_VERSION='2:0:0'
GENERIC_RELEASE='0.5.35'
GENERIC_VERSION='0.5.35'
GREP='/usr/bin/grep'
INSTALL_DATA='${INSTALL} -m 644'
INSTALL_PROGRAM='${INSTALL}'
INSTALL_SCRIPT='${INSTALL}'
INSTALL_STRIP_PROGRAM='$(install_sh) -c -s'
LCOV='no'
LD='/usr/bin/ld'
LDFLAGS=''
LIBICONV=''
LIBOBJS=''
LIBS='-lz '
LIBTOOL='$(SHELL) $(top_builddir)/libtool'
LIPO=''
LN_S='ln -s'
LTLIBICONV=''
LTLIBOBJS=''
MAKEINFO='${SHELL} /home/kxh/suricata-6.0.0/libhtp/missing makeinfo'
MANIFEST_TOOL=':'
MKDIR_P='/usr/bin/mkdir -p'
NM='/usr/bin/nm -B'
NMEDIT=''
OBJDUMP='objdump'
OBJEXT='o'
OTOOL64=''
OTOOL=''
PACKAGE='htp'
PACKAGE_BUGREPORT=''
PACKAGE_NAME='LibHTP'
PACKAGE_STRING='LibHTP 0.5.35'
PACKAGE_TARNAME='libhtp'
PACKAGE_URL=''
PACKAGE_VERSION='0.5.35'
PATH_SEPARATOR=':'
RANLIB='ranlib'
SED='/usr/bin/sed'
SET_MAKE=''
SHELL='/bin/sh'
STRIP='strip'
VERSION='0.5.35'
ac_ct_AR='ar'
ac_ct_CC='gcc'
ac_ct_CXX='g++'
ac_ct_DUMPBIN=''
am__EXEEXT_FALSE=''
am__EXEEXT_TRUE='#'
am__fastdepCC_FALSE='#'
am__fastdepCC_TRUE=''
am__fastdepCXX_FALSE='#'
am__fastdepCXX_TRUE=''
am__include='include'
am__isrc=''
am__leading_dot='.'
am__nodep='_no'
am__quote=''
am__tar='$${TAR-tar} chof - "$$tardir"'
am__untar='$${TAR-tar} xf -'
bindir='${exec_prefix}/bin'
build='aarch64-unknown-linux-gnu'
build_alias=''
build_cpu='aarch64'
build_os='linux-gnu'
build_vendor='unknown'
datadir='${datarootdir}'
datarootdir='${prefix}/share'
docdir='${datarootdir}/doc/${PACKAGE_TARNAME}'
doxygen='/usr/bin/doxygen'
dvidir='${docdir}'
exec_prefix='${prefix}'
host='aarch64-unknown-linux-gnu'
host_alias=''
host_cpu='aarch64'
host_os='linux-gnu'
host_vendor='unknown'
htmldir='${docdir}'
includedir='${prefix}/include'
infodir='${datarootdir}/info'
install_sh='${SHELL} /home/kxh/suricata-6.0.0/libhtp/install-sh'
libdir='${exec_prefix}/lib'
libexecdir='${exec_prefix}/libexec'
localedir='${datarootdir}/locale'
localstatedir='${prefix}/var'
mandir='${datarootdir}/man'
mkdir_p='$(MKDIR_P)'
oldincludedir='/usr/include'
pdfdir='${docdir}'
prefix='/usr/local'
program_transform_name='s,x,x,'
psdir='${docdir}'
sbindir='${exec_prefix}/sbin'
sharedstatedir='${prefix}/com'
sysconfdir='${prefix}/etc'
target_alias=''

## ----------- ##
## confdefs.h. ##
## ----------- ##

/* confdefs.h */
#define PACKAGE_NAME "LibHTP"
#define PACKAGE_TARNAME "libhtp"
#define PACKAGE_VERSION "0.5.35"
#define PACKAGE_STRING "LibHTP 0.5.35"
#define PACKAGE_BUGREPORT ""
#define PACKAGE_URL ""
#define PACKAGE "libhtp"
#define VERSION "0.5.35"
#define STDC_HEADERS 1
#define HAVE_SYS_TYPES_H 1
#define HAVE_SYS_STAT_H 1
#define HAVE_STDLIB_H 1
#define HAVE_STRING_H 1
#define HAVE_MEMORY_H 1
#define HAVE_STRINGS_H 1
#define HAVE_INTTYPES_H 1
#define HAVE_STDINT_H 1
#define HAVE_UNISTD_H 1
#define HAVE_DLFCN_H 1
#define LT_OBJDIR ".libs/"
#define HAVE_LIBZ 1
#define HAVE_ICONV 1
#define ICONV_CONST 

configure: exit 0
